#
# There is insufficient memory for the Java Runtime Environment to continue.
# Native memory allocation (malloc) failed to allocate 32744 bytes for ChunkPool::allocate
# Possible reasons:
#   The system is out of physical RAM or swap space
#   The process is running with CompressedOops enabled, and the Java Heap may be blocking the growth of the native heap
# Possible solutions:
#   Reduce memory load on the system
#   Increase physical memory or swap space
#   Check if swap backing store is full
#   Decrease Java heap size (-Xmx/-Xms)
#   Decrease number of Java threads
#   Decrease Java thread stack sizes (-Xss)
#   Set larger code cache with -XX:ReservedCodeCacheSize=
#   JVM is running with Unscaled Compressed Oops mode in which the Java heap is
#     placed in the first 4GB address space. The Java Heap base address is the
#     maximum limit for the native heap growth. Please use -XX:HeapBaseMinAddress
#     to set the Java Heap base and to place the Java Heap above 4GB virtual address.
# This output file may be truncated or incomplete.
#
#  Out of Memory Error (allocation.cpp:272), pid=7512, tid=0x00000000000014b8
#
# JRE version: OpenJDK Runtime Environment (8.0_242-b01) (build 1.8.0_242-release-1644-b01)
# Java VM: OpenJDK 64-Bit Server VM (25.242-b01 mixed mode windows-amd64 compressed oops)
# Failed to write core dump. Minidumps are not enabled by default on client versions of Windows
#

---------------  T H R E A D  ---------------

Current thread (0x00000000178e4000):  JavaThread "C2 CompilerThread0" daemon [_thread_in_native, id=5304, stack(0x0000000018940000,0x0000000018a40000)]

Stack: [0x0000000018940000,0x0000000018a40000]
[error occurred during error reporting (printing stack bounds), id 0xc0000005]

Native frames: (J=compiled Java code, j=interpreted, Vv=VM code, C=native code)


Current CompileTask:
C2:  53468 4497   !   4       java.util.jar.Attributes::read (380 bytes)


---------------  P R O C E S S  ---------------

Java Threads: ( => current thread )
  0x000000001dde2000 JavaThread "Cache worker for Build Output Cleanup Cache (Z:\programacion\Moviles-6A-2020\PalleteColors\.gradle\buildOutputCleanup)" [_thread_blocked, id=6632, stack(0x00000000216c0000,0x00000000217c0000)]
  0x000000001dde1000 JavaThread "pool-1-thread-1" [_thread_blocked, id=5920, stack(0x00000000213c0000,0x00000000214c0000)]
  0x000000001ddda800 JavaThread "Build operations Thread 2" [_thread_blocked, id=116, stack(0x0000000020ec0000,0x0000000020fc0000)]
  0x000000001dde0800 JavaThread "Build operations" [_thread_blocked, id=10060, stack(0x0000000020dc0000,0x0000000020ec0000)]
  0x0000000019eb5000 JavaThread "Cache worker for execution history cache (C:\Users\sebastian\.gradle\caches\6.1.1\executionHistory)" [_thread_blocked, id=5892, stack(0x000000001ea60000,0x000000001eb60000)]
  0x0000000019eb0800 JavaThread "Cache worker for cache directory md-rule (C:\Users\sebastian\.gradle\caches\6.1.1\md-rule)" [_thread_blocked, id=2252, stack(0x000000001e960000,0x000000001ea60000)]
  0x0000000019eaf800 JavaThread "Cache worker for cache directory md-supplier (C:\Users\sebastian\.gradle\caches\6.1.1\md-supplier)" [_thread_blocked, id=8000, stack(0x000000001e860000,0x000000001e960000)]
  0x0000000019eb2800 JavaThread "Cache worker for file hash cache (Z:\programacion\Moviles-6A-2020\PalleteColors\.gradle\6.1.1\fileHashes)" [_thread_blocked, id=9796, stack(0x000000001e360000,0x000000001e460000)]
  0x0000000019eae000 JavaThread "Cache worker for checksums cache (Z:\programacion\Moviles-6A-2020\PalleteColors\.gradle\checksums)" [_thread_blocked, id=9996, stack(0x000000001e260000,0x000000001e360000)]
  0x0000000019eaf000 JavaThread "Cache worker for file hash cache (C:\Users\sebastian\.gradle\caches\6.1.1\fileHashes)" [_thread_blocked, id=3296, stack(0x000000001cf90000,0x000000001d090000)]
  0x0000000019eb1000 JavaThread "File lock request listener" [_thread_in_native, id=10172, stack(0x000000001bec0000,0x000000001bfc0000)]
  0x0000000019ead800 JavaThread "Cache worker for journal cache (C:\Users\sebastian\.gradle\caches\journal-1)" [_thread_blocked, id=8580, stack(0x000000001bdc0000,0x000000001bec0000)]
  0x0000000019783800 JavaThread "Thread-9" [_thread_blocked, id=8336, stack(0x000000001bac0000,0x000000001bbc0000)]
  0x0000000019dab800 JavaThread "Stdin handler" [_thread_blocked, id=5736, stack(0x000000001b9c0000,0x000000001bac0000)]
  0x000000001794a800 JavaThread "Asynchronous log dispatcher for DefaultDaemonConnection: socket connection from /127.0.0.1:53116 to /127.0.0.1:53117" [_thread_blocked, id=4072, stack(0x000000001b8c0000,0x000000001b9c0000)]
  0x00000000197f1000 JavaThread "Daemon worker" [_thread_in_vm, id=3884, stack(0x000000001b7c0000,0x000000001b8c0000)]
  0x0000000018ecf000 JavaThread "Cancel handler" [_thread_blocked, id=2556, stack(0x000000001b6c0000,0x000000001b7c0000)]
  0x0000000018f0c800 JavaThread "Handler for socket connection from /127.0.0.1:53116 to /127.0.0.1:53117" [_thread_in_native, id=9520, stack(0x000000001b3c0000,0x000000001b4c0000)]
  0x000000001a112000 JavaThread "Daemon" [_thread_blocked, id=9780, stack(0x000000001b2c0000,0x000000001b3c0000)]
  0x0000000018ff6000 JavaThread "Daemon periodic checks" [_thread_blocked, id=7552, stack(0x000000001b1c0000,0x000000001b2c0000)]
  0x0000000018eb7000 JavaThread "Incoming local TCP Connector on port 53116" [_thread_in_native, id=9916, stack(0x000000001af50000,0x000000001b050000)]
  0x0000000018f4f000 JavaThread "Daemon health stats" [_thread_blocked, id=10128, stack(0x000000001a910000,0x000000001aa10000)]
  0x0000000017954000 JavaThread "Service Thread" daemon [_thread_blocked, id=5800, stack(0x0000000018b40000,0x0000000018c40000)]
  0x00000000178e8000 JavaThread "C1 CompilerThread1" daemon [_thread_blocked, id=9560, stack(0x0000000018a40000,0x0000000018b40000)]
=>0x00000000178e4000 JavaThread "C2 CompilerThread0" daemon [_thread_in_native, id=5304, stack(0x0000000018940000,0x0000000018a40000)]
  0x00000000178e2800 JavaThread "Attach Listener" daemon [_thread_blocked, id=8820, stack(0x0000000018840000,0x0000000018940000)]
  0x00000000178df800 JavaThread "Signal Dispatcher" daemon [_thread_blocked, id=2960, stack(0x0000000018740000,0x0000000018840000)]
  0x0000000002ef7800 JavaThread "Finalizer" daemon [_thread_blocked, id=2760, stack(0x0000000018520000,0x0000000018620000)]
  0x00000000178c7800 JavaThread "Reference Handler" daemon [_thread_blocked, id=5576, stack(0x0000000018420000,0x0000000018520000)]
  0x0000000002e02800 JavaThread "main" [_thread_blocked, id=9032, stack(0x0000000002d00000,0x0000000002e00000)]

Other Threads:
  0x00000000178a4800 VMThread [stack: 0x0000000018320000,0x0000000018420000] [id=7776]
  0x0000000017956800 WatcherThread [stack: 0x0000000018c40000,0x0000000018d40000] [id=10040]

VM state:not at safepoint (normal execution)

VM Mutex/Monitor currently owned by a thread: None

heap address: 0x0000000080000000, size: 2048 MB, Compressed Oops mode: 32-bit
Narrow klass base: 0x0000000000000000, Narrow klass shift: 3
Compressed class space size: 1073741824 Address: 0x0000000100000000

Heap:
 PSYoungGen      total 156160K, used 92110K [0x00000000d5580000, 0x00000000e0600000, 0x0000000100000000)
  eden space 145408K, 55% used [0x00000000d5580000,0x00000000da4fd590,0x00000000de380000)
  from space 10752K, 99% used [0x00000000dfb80000,0x00000000e05f65e8,0x00000000e0600000)
  to   space 12288K, 0% used [0x00000000dee00000,0x00000000dee00000,0x00000000dfa00000)
 ParOldGen       total 38912K, used 14477K [0x0000000080000000, 0x0000000082600000, 0x00000000d5580000)
  object space 38912K, 37% used [0x0000000080000000,0x0000000080e23710,0x0000000082600000)
 Metaspace       used 48605K, capacity 50402K, committed 50736K, reserved 1093632K
  class space    used 6481K, capacity 6859K, committed 6960K, reserved 1048576K

Card table byte_map: [0x00000000122c0000,0x00000000126d0000] byte_map_base: 0x0000000011ec0000

Marking Bits: (ParMarkBitMap*) 0x000000005a84f030
 Begin Bits: [0x0000000012b80000, 0x0000000014b80000)
 End Bits:   [0x0000000014b80000, 0x0000000016b80000)

Polling page: 0x00000000010f0000

CodeCache: size=245760Kb used=14719Kb max_used=14719Kb free=231040Kb
 bounds [0x0000000002f00000, 0x0000000003d70000, 0x0000000011f00000]
 total_blobs=5035 nmethods=4266 adapters=683
 compilation: enabled

Compilation events (10 events):
Event: 53.356 Thread 0x00000000178e8000 4563       2       java.math.MutableBigInteger::compare (106 bytes)
Event: 53.357 Thread 0x00000000178e8000 nmethod 4563 0x0000000003d65f50 code [0x0000000003d660c0, 0x0000000003d66370]
Event: 53.357 Thread 0x00000000178e8000 4564       2       java.math.BigInteger::bitLengthForInt (8 bytes)
Event: 53.357 Thread 0x00000000178e8000 nmethod 4564 0x0000000003d66590 code [0x0000000003d666e0, 0x0000000003d66848]
Event: 53.358 Thread 0x00000000178e8000 4565       2       java.math.MutableBigInteger::normalize (91 bytes)
Event: 53.358 Thread 0x00000000178e8000 nmethod 4565 0x0000000003d668d0 code [0x0000000003d66a40, 0x0000000003d66c90]
Event: 53.361 Thread 0x00000000178e8000 4566       2       java.math.BigInteger::squareToLen (33 bytes)
Event: 53.362 Thread 0x00000000178e8000 nmethod 4566 0x0000000003d66dd0 code [0x0000000003d66f40, 0x0000000003d67198]
Event: 53.362 Thread 0x00000000178e8000 4567       2       java.math.BigInteger::implSquareToLenChecks (198 bytes)
Event: 53.365 Thread 0x00000000178e8000 nmethod 4567 0x0000000003d67290 code [0x0000000003d675a0, 0x0000000003d684b8]

GC Heap History (10 events):
Event: 24.615 GC heap before
{Heap before GC invocations=10 (full 1):
 PSYoungGen      total 67072K, used 61952K [0x00000000d5580000, 0x00000000de100000, 0x0000000100000000)
  eden space 61952K, 100% used [0x00000000d5580000,0x00000000d9200000,0x00000000d9200000)
  from space 5120K, 0% used [0x00000000ddc00000,0x00000000ddc00000,0x00000000de100000)
  to   space 8704K, 0% used [0x00000000dd000000,0x00000000dd000000,0x00000000dd880000)
 ParOldGen       total 27648K, used 10906K [0x0000000080000000, 0x0000000081b00000, 0x00000000d5580000)
  object space 27648K, 39% used [0x0000000080000000,0x0000000080aa6af0,0x0000000081b00000)
 Metaspace       used 27723K, capacity 28528K, committed 28720K, reserved 1073152K
  class space    used 3827K, capacity 4075K, committed 4144K, reserved 1048576K
Event: 24.645 GC heap after
Heap after GC invocations=10 (full 1):
 PSYoungGen      total 89088K, used 7397K [0x00000000d5580000, 0x00000000ddc80000, 0x0000000100000000)
  eden space 81408K, 0% used [0x00000000d5580000,0x00000000d5580000,0x00000000da500000)
  from space 7680K, 96% used [0x00000000dd000000,0x00000000dd739520,0x00000000dd780000)
  to   space 5120K, 0% used [0x00000000dd780000,0x00000000dd780000,0x00000000ddc80000)
 ParOldGen       total 27648K, used 10914K [0x0000000080000000, 0x0000000081b00000, 0x00000000d5580000)
  object space 27648K, 39% used [0x0000000080000000,0x0000000080aa8af0,0x0000000081b00000)
 Metaspace       used 27723K, capacity 28528K, committed 28720K, reserved 1073152K
  class space    used 3827K, capacity 4075K, committed 4144K, reserved 1048576K
}
Event: 29.095 GC heap before
{Heap before GC invocations=11 (full 1):
 PSYoungGen      total 89088K, used 88805K [0x00000000d5580000, 0x00000000ddc80000, 0x0000000100000000)
  eden space 81408K, 100% used [0x00000000d5580000,0x00000000da500000,0x00000000da500000)
  from space 7680K, 96% used [0x00000000dd000000,0x00000000dd739520,0x00000000dd780000)
  to   space 5120K, 0% used [0x00000000dd780000,0x00000000dd780000,0x00000000ddc80000)
 ParOldGen       total 27648K, used 10914K [0x0000000080000000, 0x0000000081b00000, 0x00000000d5580000)
  object space 27648K, 39% used [0x0000000080000000,0x0000000080aa8af0,0x0000000081b00000)
 Metaspace       used 32936K, capacity 33978K, committed 34224K, reserved 1079296K
  class space    used 4449K, capacity 4736K, committed 4784K, reserved 1048576K
Event: 29.165 GC heap after
Heap after GC invocations=11 (full 1):
 PSYoungGen      total 114176K, used 5120K [0x00000000d5580000, 0x00000000ddc80000, 0x0000000100000000)
  eden space 109056K, 0% used [0x00000000d5580000,0x00000000d5580000,0x00000000dc000000)
  from space 5120K, 100% used [0x00000000dd780000,0x00000000ddc80000,0x00000000ddc80000)
  to   space 11264K, 0% used [0x00000000dc680000,0x00000000dc680000,0x00000000dd180000)
 ParOldGen       total 27648K, used 15463K [0x0000000080000000, 0x0000000081b00000, 0x00000000d5580000)
  object space 27648K, 55% used [0x0000000080000000,0x0000000080f19da0,0x0000000081b00000)
 Metaspace       used 32936K, capacity 33978K, committed 34224K, reserved 1079296K
  class space    used 4449K, capacity 4736K, committed 4784K, reserved 1048576K
}
Event: 29.829 GC heap before
{Heap before GC invocations=12 (full 1):
 PSYoungGen      total 114176K, used 16829K [0x00000000d5580000, 0x00000000ddc80000, 0x0000000100000000)
  eden space 109056K, 10% used [0x00000000d5580000,0x00000000d60ef440,0x00000000dc000000)
  from space 5120K, 100% used [0x00000000dd780000,0x00000000ddc80000,0x00000000ddc80000)
  to   space 11264K, 0% used [0x00000000dc680000,0x00000000dc680000,0x00000000dd180000)
 ParOldGen       total 27648K, used 15463K [0x0000000080000000, 0x0000000081b00000, 0x00000000d5580000)
  object space 27648K, 55% used [0x0000000080000000,0x0000000080f19da0,0x0000000081b00000)
 Metaspace       used 34438K, capacity 35424K, committed 35496K, reserved 1079296K
  class space    used 4612K, capacity 4873K, committed 4912K, reserved 1048576K
Event: 29.884 GC heap after
Heap after GC invocations=12 (full 1):
 PSYoungGen      total 126976K, used 4206K [0x00000000d5580000, 0x00000000e0600000, 0x0000000100000000)
  eden space 115712K, 0% used [0x00000000d5580000,0x00000000d5580000,0x00000000dc680000)
  from space 11264K, 37% used [0x00000000dc680000,0x00000000dca9bbb8,0x00000000dd180000)
  to   space 10752K, 0% used [0x00000000dfb80000,0x00000000dfb80000,0x00000000e0600000)
 ParOldGen       total 27648K, used 17950K [0x0000000080000000, 0x0000000081b00000, 0x00000000d5580000)
  object space 27648K, 64% used [0x0000000080000000,0x00000000811878f0,0x0000000081b00000)
 Metaspace       used 34438K, capacity 35424K, committed 35496K, reserved 1079296K
  class space    used 4612K, capacity 4873K, committed 4912K, reserved 1048576K
}
Event: 29.884 GC heap before
{Heap before GC invocations=13 (full 2):
 PSYoungGen      total 126976K, used 4206K [0x00000000d5580000, 0x00000000e0600000, 0x0000000100000000)
  eden space 115712K, 0% used [0x00000000d5580000,0x00000000d5580000,0x00000000dc680000)
  from space 11264K, 37% used [0x00000000dc680000,0x00000000dca9bbb8,0x00000000dd180000)
  to   space 10752K, 0% used [0x00000000dfb80000,0x00000000dfb80000,0x00000000e0600000)
 ParOldGen       total 27648K, used 17950K [0x0000000080000000, 0x0000000081b00000, 0x00000000d5580000)
  object space 27648K, 64% used [0x0000000080000000,0x00000000811878f0,0x0000000081b00000)
 Metaspace       used 34438K, capacity 35424K, committed 35496K, reserved 1079296K
  class space    used 4612K, capacity 4873K, committed 4912K, reserved 1048576K
Event: 30.335 GC heap after
Heap after GC invocations=13 (full 2):
 PSYoungGen      total 126976K, used 0K [0x00000000d5580000, 0x00000000e0600000, 0x0000000100000000)
  eden space 115712K, 0% used [0x00000000d5580000,0x00000000d5580000,0x00000000dc680000)
  from space 11264K, 0% used [0x00000000dc680000,0x00000000dc680000,0x00000000dd180000)
  to   space 10752K, 0% used [0x00000000dfb80000,0x00000000dfb80000,0x00000000e0600000)
 ParOldGen       total 38912K, used 14469K [0x0000000080000000, 0x0000000082600000, 0x00000000d5580000)
  object space 38912K, 37% used [0x0000000080000000,0x0000000080e21710,0x0000000082600000)
 Metaspace       used 34438K, capacity 35424K, committed 35496K, reserved 1079296K
  class space    used 4612K, capacity 4873K, committed 4912K, reserved 1048576K
}
Event: 48.329 GC heap before
{Heap before GC invocations=14 (full 2):
 PSYoungGen      total 126976K, used 115712K [0x00000000d5580000, 0x00000000e0600000, 0x0000000100000000)
  eden space 115712K, 100% used [0x00000000d5580000,0x00000000dc680000,0x00000000dc680000)
  from space 11264K, 0% used [0x00000000dc680000,0x00000000dc680000,0x00000000dd180000)
  to   space 10752K, 0% used [0x00000000dfb80000,0x00000000dfb80000,0x00000000e0600000)
 ParOldGen       total 38912K, used 14469K [0x0000000080000000, 0x0000000082600000, 0x00000000d5580000)
  object space 38912K, 37% used [0x0000000080000000,0x0000000080e21710,0x0000000082600000)
 Metaspace       used 40127K, capacity 41644K, committed 41904K, reserved 1085440K
  class space    used 5424K, capacity 5752K, committed 5808K, reserved 1048576K
Event: 48.377 GC heap after
Heap after GC invocations=14 (full 2):
 PSYoungGen      total 156160K, used 10713K [0x00000000d5580000, 0x00000000e0600000, 0x0000000100000000)
  eden space 145408K, 0% used [0x00000000d5580000,0x00000000d5580000,0x00000000de380000)
  from space 10752K, 99% used [0x00000000dfb80000,0x00000000e05f65e8,0x00000000e0600000)
  to   space 12288K, 0% used [0x00000000dee00000,0x00000000dee00000,0x00000000dfa00000)
 ParOldGen       total 38912K, used 14477K [0x0000000080000000, 0x0000000082600000, 0x00000000d5580000)
  object space 38912K, 37% used [0x0000000080000000,0x0000000080e23710,0x0000000082600000)
 Metaspace       used 40127K, capacity 41644K, committed 41904K, reserved 1085440K
  class space    used 5424K, capacity 5752K, committed 5808K, reserved 1048576K
}

Deoptimization events (10 events):
Event: 52.824 Thread 0x00000000197f1000 Uncommon trap: reason=unstable_if action=reinterpret pc=0x000000000382a7e8 method=java.util.jar.JarFile.maybeInstantiateVerifier()V @ 75
Event: 52.826 Thread 0x00000000197f1000 Uncommon trap: reason=unstable_if action=reinterpret pc=0x00000000030dd148 method=java.util.jar.Manifest$FastInputStream.readLine([BII)I @ 87
Event: 52.865 Thread 0x00000000197f1000 Uncommon trap: reason=unstable_if action=reinterpret pc=0x0000000003b66f80 method=java.lang.ThreadLocal.get()Ljava/lang/Object; @ 11
Event: 53.075 Thread 0x00000000197f1000 Uncommon trap: reason=unstable_if action=reinterpret pc=0x000000000313bf7c method=java.lang.CharacterDataLatin1.isWhitespace(I)Z @ 14
Event: 53.250 Thread 0x00000000197f1000 Uncommon trap: reason=unstable_if action=reinterpret pc=0x00000000034352b0 method=java.util.jar.JarFile.maybeInstantiateVerifier()V @ 4
Event: 53.260 Thread 0x00000000197f1000 Uncommon trap: reason=unstable_if action=reinterpret pc=0x0000000003ca6594 method=java.util.jar.JarFile.maybeInstantiateVerifier()V @ 4
Event: 53.264 Thread 0x00000000197f1000 Uncommon trap: reason=unstable_if action=reinterpret pc=0x00000000030c7b6c method=java.security.CodeSource.getCertificates()[Ljava/security/cert/Certificate; @ 22
Event: 53.265 Thread 0x00000000197f1000 Uncommon trap: reason=unstable_if action=reinterpret pc=0x0000000003cad508 method=java.util.jar.JarFile.maybeInstantiateVerifier()V @ 4
Event: 53.265 Thread 0x00000000197f1000 Uncommon trap: reason=unstable_if action=reinterpret pc=0x0000000003907f7c method=java.security.CodeSource.matchCerts(Ljava/security/CodeSource;Z)Z @ 11
Event: 53.311 Thread 0x00000000197f1000 Uncommon trap: reason=unstable_if action=reinterpret pc=0x0000000003b5e150 method=java.util.LinkedHashMap.get(Ljava/lang/Object;)Ljava/lang/Object; @ 20

Classes redefined (0 events):
No events

Internal exceptions (10 events):
Event: 48.257 Thread 0x00000000197f1000 Exception <a 'java/lang/ClassNotFoundException': org/gradle/api/internal/AbstractTaskCustomizer> (0x00000000dc4180f8) thrown at [C:\src\AOSP-openjdk-git\hotspot\src\share\vm\classfile\systemDictionary.cpp, line 210]
Event: 48.267 Thread 0x00000000197f1000 Exception <a 'java/lang/ClassNotFoundException': org/gradle/api/DefaultTaskCustomizer> (0x00000000dc4accb8) thrown at [C:\src\AOSP-openjdk-git\hotspot\src\share\vm\classfile\systemDictionary.cpp, line 210]
Event: 48.274 Thread 0x00000000197f1000 Exception <a 'java/lang/ClassNotFoundException': org/gradle/api/internal/ConventionTaskCustomizer> (0x00000000dc4f2f20) thrown at [C:\src\AOSP-openjdk-git\hotspot\src\share\vm\classfile\systemDictionary.cpp, line 210]
Event: 48.283 Thread 0x00000000197f1000 Exception <a 'java/lang/ClassNotFoundException': org/gradle/api/tasks/DeleteCustomizer> (0x00000000dc535850) thrown at [C:\src\AOSP-openjdk-git\hotspot\src\share\vm\classfile\systemDictionary.cpp, line 210]
Event: 48.291 Thread 0x00000000197f1000 Exception <a 'java/lang/ClassNotFoundException': org/gradle/api/tasks/Delete_DecoratedCustomizer> (0x00000000dc586050) thrown at [C:\src\AOSP-openjdk-git\hotspot\src\share\vm\classfile\systemDictionary.cpp, line 210]
Event: 49.257 Thread 0x00000000197f1000 Exception <a 'java/lang/ClassNotFoundException': build_1j81gfquhwar30jjfgpv0meznBeanInfo> (0x00000000d5ba0be0) thrown at [C:\src\AOSP-openjdk-git\hotspot\src\share\vm\classfile\systemDictionary.cpp, line 210]
Event: 49.258 Thread 0x00000000197f1000 Exception <a 'java/lang/ClassNotFoundException': build_1j81gfquhwar30jjfgpv0meznCustomizer> (0x00000000d5baddd8) thrown at [C:\src\AOSP-openjdk-git\hotspot\src\share\vm\classfile\systemDictionary.cpp, line 210]
Event: 50.468 Thread 0x00000000197f1000 Implicit null exception at 0x0000000003afe4d5 to 0x0000000003afe7bd
Event: 50.926 Thread 0x00000000197f1000 Exception <a 'sun/nio/fs/WindowsException'> (0x00000000d6efd608) thrown at [C:\src\AOSP-openjdk-git\hotspot\src\share\vm\prims\jni.cpp, line 710]
Event: 52.865 Thread 0x00000000197f1000 Implicit null exception at 0x0000000003b66a28 to 0x0000000003b66f69

Events (10 events):
Event: 53.354 Thread 0x00000000197f1000 DEOPT PACKING pc=0x000000000339aae6 sp=0x000000001b8b5ab0
Event: 53.354 Thread 0x00000000197f1000 DEOPT UNPACKING pc=0x0000000002f471d0 sp=0x000000001b8b57b0 mode 0
Event: 53.355 Thread 0x00000000197f1000 DEOPT PACKING pc=0x000000000339aae6 sp=0x000000001b8b5ab0
Event: 53.355 Thread 0x00000000197f1000 DEOPT UNPACKING pc=0x0000000002f471d0 sp=0x000000001b8b57b0 mode 0
Event: 53.355 Thread 0x00000000197f1000 DEOPT PACKING pc=0x000000000339aae6 sp=0x000000001b8b5ab0
Event: 53.355 Thread 0x00000000197f1000 DEOPT UNPACKING pc=0x0000000002f471d0 sp=0x000000001b8b57b0 mode 0
Event: 53.355 Thread 0x00000000197f1000 DEOPT PACKING pc=0x000000000339aae6 sp=0x000000001b8b5ab0
Event: 53.356 Thread 0x00000000197f1000 DEOPT UNPACKING pc=0x0000000002f471d0 sp=0x000000001b8b57b0 mode 0
Event: 53.356 Thread 0x00000000197f1000 DEOPT PACKING pc=0x000000000339abd9 sp=0x000000001b8b5ab0
Event: 53.356 Thread 0x00000000197f1000 DEOPT UNPACKING pc=0x0000000002f471d0 sp=0x000000001b8b57b0 mode 0


Dynamic libraries:
0x00007ff65b600000 - 0x00007ff65b631000 	Z:\1\jre\bin\java.exe
0x00007ffcc2ac0000 - 0x00007ffcc2cb0000 	C:\WINDOWS\SYSTEM32\ntdll.dll
0x00007ffcc0b70000 - 0x00007ffcc0c22000 	C:\WINDOWS\System32\KERNEL32.DLL
0x00007ffcbfa30000 - 0x00007ffcbfcd5000 	C:\WINDOWS\System32\KERNELBASE.dll
0x00007ffcc0f40000 - 0x00007ffcc0fe3000 	C:\WINDOWS\System32\ADVAPI32.dll
0x00007ffcc1200000 - 0x00007ffcc129e000 	C:\WINDOWS\System32\msvcrt.dll
0x00007ffcc1fb0000 - 0x00007ffcc2047000 	C:\WINDOWS\System32\sechost.dll
0x00007ffcc2820000 - 0x00007ffcc2940000 	C:\WINDOWS\System32\RPCRT4.dll
0x00007ffcc2130000 - 0x00007ffcc22c4000 	C:\WINDOWS\System32\USER32.dll
0x00007ffcbfd90000 - 0x00007ffcbfdb1000 	C:\WINDOWS\System32\win32u.dll
0x00007ffcc2690000 - 0x00007ffcc26b6000 	C:\WINDOWS\System32\GDI32.dll
0x00007ffcbfe70000 - 0x00007ffcc0006000 	C:\WINDOWS\System32\gdi32full.dll
0x00007ffcc0340000 - 0x00007ffcc03de000 	C:\WINDOWS\System32\msvcp_win.dll
0x00007ffcc01f0000 - 0x00007ffcc02ea000 	C:\WINDOWS\System32\ucrtbase.dll
0x00007ffcb14a0000 - 0x00007ffcb1724000 	C:\WINDOWS\WinSxS\amd64_microsoft.windows.common-controls_6595b64144ccf1df_6.0.18362.1256_none_9e7e379be45e40e2\COMCTL32.dll
0x00007ffcc2350000 - 0x00007ffcc2686000 	C:\WINDOWS\System32\combase.dll
0x00007ffcc0010000 - 0x00007ffcc0091000 	C:\WINDOWS\System32\bcryptPrimitives.dll
0x00007ffcc2770000 - 0x00007ffcc279e000 	C:\WINDOWS\System32\IMM32.DLL
0x0000000059fa0000 - 0x000000005a072000 	Z:\1\jre\jre\bin\msvcr100.dll
0x000000005a080000 - 0x000000005a8cb000 	Z:\1\jre\jre\bin\server\jvm.dll
0x00007ffcc1fa0000 - 0x00007ffcc1fa8000 	C:\WINDOWS\System32\PSAPI.DLL
0x00007ffcbe440000 - 0x00007ffcbe449000 	C:\WINDOWS\SYSTEM32\WSOCK32.dll
0x00007ffcc1990000 - 0x00007ffcc19ff000 	C:\WINDOWS\System32\WS2_32.dll
0x00007ffcbd6d0000 - 0x00007ffcbd6f4000 	C:\WINDOWS\SYSTEM32\WINMM.dll
0x00007ffcaf030000 - 0x00007ffcaf03a000 	C:\WINDOWS\SYSTEM32\VERSION.dll
0x00007ffcbd6a0000 - 0x00007ffcbd6cd000 	C:\WINDOWS\SYSTEM32\WINMMBASE.dll
0x00007ffcbfe20000 - 0x00007ffcbfe6a000 	C:\WINDOWS\System32\cfgmgr32.dll
0x00007ffcbcfe0000 - 0x00007ffcbcfef000 	Z:\1\jre\jre\bin\verify.dll
0x00007ffcaf950000 - 0x00007ffcaf979000 	Z:\1\jre\jre\bin\java.dll
0x00007ffcbcfc0000 - 0x00007ffcbcfd6000 	Z:\1\jre\jre\bin\zip.dll
0x00007ffcc12a0000 - 0x00007ffcc1987000 	C:\WINDOWS\System32\SHELL32.dll
0x00007ffcc26c0000 - 0x00007ffcc2769000 	C:\WINDOWS\System32\shcore.dll
0x00007ffcc03e0000 - 0x00007ffcc0b61000 	C:\WINDOWS\System32\windows.storage.dll
0x00007ffcbf9e0000 - 0x00007ffcbfa03000 	C:\WINDOWS\System32\profapi.dll
0x00007ffcbf990000 - 0x00007ffcbf9da000 	C:\WINDOWS\System32\powrprof.dll
0x00007ffcbf960000 - 0x00007ffcbf970000 	C:\WINDOWS\System32\UMPDC.dll
0x00007ffcc1ad0000 - 0x00007ffcc1b22000 	C:\WINDOWS\System32\shlwapi.dll
0x00007ffcbf970000 - 0x00007ffcbf981000 	C:\WINDOWS\System32\kernel.appcore.dll
0x00007ffcc02f0000 - 0x00007ffcc0307000 	C:\WINDOWS\System32\cryptsp.dll
0x00007ffcb1480000 - 0x00007ffcb149a000 	Z:\1\jre\jre\bin\net.dll
0x00007ffcbf150000 - 0x00007ffcbf1b7000 	C:\WINDOWS\system32\mswsock.dll
0x00007ffcafc30000 - 0x00007ffcafc43000 	Z:\1\jre\jre\bin\nio.dll
0x00007ffcaf5d0000 - 0x00007ffcaf5f6000 	C:\Users\sebastian\.gradle\native\31\windows-amd64\native-platform.dll
0x00007ffcb70a0000 - 0x00007ffcb70ad000 	Z:\1\jre\jre\bin\management.dll
0x00007ffcbecc0000 - 0x00007ffcbecf3000 	C:\WINDOWS\system32\rsaenh.dll
0x00007ffcc0310000 - 0x00007ffcc0336000 	C:\WINDOWS\System32\bcrypt.dll
0x00007ffcbf880000 - 0x00007ffcbf8a5000 	C:\WINDOWS\SYSTEM32\USERENV.dll
0x00007ffcbf320000 - 0x00007ffcbf32c000 	C:\WINDOWS\SYSTEM32\CRYPTBASE.dll
0x00007ffcbee60000 - 0x00007ffcbee9a000 	C:\WINDOWS\SYSTEM32\IPHLPAPI.DLL
0x00007ffcc22d0000 - 0x00007ffcc22d8000 	C:\WINDOWS\System32\NSI.dll
0x00007ffcbb910000 - 0x00007ffcbb926000 	C:\WINDOWS\SYSTEM32\dhcpcsvc6.DLL
0x00007ffcbb8f0000 - 0x00007ffcbb90c000 	C:\WINDOWS\SYSTEM32\dhcpcsvc.DLL
0x00007ffcbeeb0000 - 0x00007ffcbef7b000 	C:\WINDOWS\SYSTEM32\DNSAPI.dll

VM Arguments:
jvm_args: -Xmx2048m -Dfile.encoding=windows-1252 -Duser.country=CO -Duser.language=es -Duser.variant 
java_command: org.gradle.launcher.daemon.bootstrap.GradleDaemon 6.1.1
java_class_path (initial): C:\Users\sebastian\.gradle\wrapper\dists\gradle-6.1.1-all\cfmwm155h49vnt3hynmlrsdst\gradle-6.1.1\lib\gradle-launcher-6.1.1.jar
Launcher Type: SUN_STANDARD

Environment Variables:
PATH=C:\ProgramData\Oracle\Java\javapath;C:\WINDOWS\system32;C:\WINDOWS;C:\WINDOWS\System32\Wbem;C:\WINDOWS\System32\WindowsPowerShell\v1.0\;C:\WINDOWS\System32\OpenSSH\;Z:\Git\cmd;C:\Users\sebastian\AppData\Local\Microsoft\WindowsApps;;C:\Users\sebastian\AppData\Local\Programs\Microsoft VS Code\bin
USERNAME=sebastian
OS=Windows_NT
PROCESSOR_IDENTIFIER=Intel64 Family 6 Model 76 Stepping 4, GenuineIntel



---------------  S Y S T E M  ---------------

OS: Windows 10.0 , 64 bit Build 18362 (10.0.18362.1110)

CPU:total 2 (initial active 2) (2 cores per cpu, 1 threads per core) family 6 model 76 stepping 4, cmov, cx8, fxsr, mmx, sse, sse2, sse3, ssse3, sse4.1, sse4.2, popcnt, aes, clmul, erms, 3dnowpref, tsc, tscinvbit

Memory: 4k page, physical 1948472k(480564k free), swap 3893764k(5688k free)

vm_info: OpenJDK 64-Bit Server VM (25.242-b01) for windows-amd64 JRE (1.8.0_242-release-1644-b01), built by "builder" with MS VC++ 10.0 (VS2010)

time: Mon Dec 14 11:09:41 2020
timezone: Hora est. Pacífico, Sudamérica
elapsed time: 53 seconds (0d 0h 0m 53s)

